2023-11-22 16:25:52.450 [info] Log level: Info
2023-11-22 16:25:52.450 [info] Validating found git in: "git"
2023-11-22 16:25:52.450 [info] Using git "2.42.1" from "git"
2023-11-22 16:25:52.450 [info] > git rev-parse --show-toplevel [12ms]
2023-11-22 16:25:52.450 [info] > git rev-parse --git-dir --git-common-dir [6ms]
2023-11-22 16:25:52.450 [info] Open repository: /home/min/midi
2023-11-22 16:25:52.451 [info] > git rev-parse --show-toplevel [3ms]
2023-11-22 16:25:52.452 [info] > git config --get commit.template [11ms]
2023-11-22 16:25:52.478 [info] > git rev-parse --show-toplevel [14ms]
2023-11-22 16:25:52.491 [info] > git rev-parse --show-toplevel [2ms]
2023-11-22 16:25:52.492 [info] > git for-each-ref --format=%(refname)%00%(upstream:short)%00%(objectname)%00%(upstream:track)%00%(upstream:remotename)%00%(upstream:remoteref) refs/heads/main refs/remotes/main [16ms]
2023-11-22 16:25:52.510 [info] > git rev-parse --show-toplevel [1ms]
2023-11-22 16:25:52.526 [info] > git status -z -uall [26ms]
2023-11-22 16:25:52.526 [info] > git rev-parse --show-toplevel [8ms]
2023-11-22 16:25:52.547 [info] > git config --get commit.template [2ms]
2023-11-22 16:25:52.558 [info] > git for-each-ref --format=%(refname)%00%(upstream:short)%00%(objectname)%00%(upstream:track)%00%(upstream:remotename)%00%(upstream:remoteref) refs/heads/main refs/remotes/main [1ms]
2023-11-22 16:25:52.638 [info] > git status -z -uall [71ms]
2023-11-22 16:25:53.029 [info] > git show --textconv :orgelspiel.py [62ms]
2023-11-22 16:25:53.029 [info] > git show --textconv :app/song/routes.py [32ms]
2023-11-22 16:25:53.029 [info] > git check-ignore -v -z --stdin [4ms]
2023-11-22 16:25:53.032 [info] > git ls-files --stage -- /home/min/midi/app/song/routes.py [23ms]
2023-11-22 16:25:53.046 [info] > git ls-files --stage -- /home/min/midi/orgelspiel.py [63ms]
2023-11-22 16:25:53.050 [info] > git cat-file -s b80b2e84b426b88676058b711124c02397231f54 [5ms]
2023-11-22 16:26:36.722 [info] > git show --textconv :orgelspiel.py [18ms]
2023-11-22 16:26:36.724 [info] > git ls-files --stage -- /home/min/midi/orgelspiel.py [4ms]
2023-11-22 16:26:40.303 [info] > git show --textconv :orgelspiel.py [17ms]
2023-11-22 16:26:40.305 [info] > git ls-files --stage -- /home/min/midi/orgelspiel.py [3ms]
2023-11-22 16:26:43.971 [info] > git show --textconv :app/extensions.py [17ms]
2023-11-22 16:26:43.974 [info] > git ls-files --stage -- /home/min/midi/app/extensions.py [3ms]
2023-11-22 16:26:43.993 [info] > git cat-file -s 44239e94014644dfa2a025662cdf792263c053af [3ms]
