2023-11-22 08:23:56.951 [info] Log level: Info
2023-11-22 08:23:56.951 [info] Validating found git in: "git"
2023-11-22 08:23:56.951 [info] Using git "2.42.1" from "git"
2023-11-22 08:23:56.951 [info] > git rev-parse --show-toplevel [3ms]
2023-11-22 08:23:56.951 [info] > git rev-parse --git-dir --git-common-dir [3ms]
2023-11-22 08:23:56.951 [info] Open repository: /home/min/midi
2023-11-22 08:23:56.974 [info] > git rev-parse --show-toplevel [7ms]
2023-11-22 08:23:56.975 [info] > git config --get commit.template [15ms]
2023-11-22 08:23:57.001 [info] > git rev-parse --show-toplevel [11ms]
2023-11-22 08:23:57.012 [info] > git for-each-ref --format=%(refname)%00%(upstream:short)%00%(objectname)%00%(upstream:track)%00%(upstream:remotename)%00%(upstream:remoteref) refs/heads/main refs/remotes/main [12ms]
2023-11-22 08:23:57.024 [info] > git rev-parse --show-toplevel [12ms]
2023-11-22 08:23:57.035 [info] > git rev-parse --show-toplevel [1ms]
2023-11-22 08:23:57.039 [info] > git status -z -uall [17ms]
2023-11-22 08:23:57.063 [info] > git config --get commit.template [9ms]
2023-11-22 08:23:57.063 [info] > git for-each-ref --format=%(refname)%00%(upstream:short)%00%(objectname)%00%(upstream:track)%00%(upstream:remotename)%00%(upstream:remoteref) refs/heads/main refs/remotes/main [1ms]
2023-11-22 08:23:57.121 [info] > git status -z -uall [50ms]
2023-11-22 08:23:57.268 [info] > git show --textconv :config.py [11ms]
2023-11-22 08:23:57.271 [info] > git ls-files --stage -- /home/min/midi/config.py [6ms]
2023-11-22 08:23:57.286 [info] > git cat-file -s 94326a666f88803e6fbd899f002c4d264158ea66 [2ms]
2023-11-22 08:23:57.470 [info] > git check-ignore -v -z --stdin [4ms]
2023-11-22 08:24:11.558 [info] > git show --textconv :install.sh [19ms]
2023-11-22 08:24:11.560 [info] > git ls-files --stage -- /home/min/midi/install.sh [3ms]
2023-11-22 08:24:11.574 [info] > git cat-file -s e303fd53fdf9e11bb4840c2ff7e4aa9bcf73b50b [1ms]
2023-11-22 08:29:16.525 [info] > git show --textconv :app/midi.py [19ms]
2023-11-22 08:29:16.527 [info] > git ls-files --stage -- /home/min/midi/app/midi.py [3ms]
2023-11-22 08:29:16.541 [info] > git cat-file -s 3769f63eb49a4c84873a5f3db0434088c2fb401f [2ms]
2023-11-22 08:29:16.880 [info] > git check-ignore -v -z --stdin [2ms]
2023-11-22 08:29:29.695 [info] > git config --get commit.template [14ms]
2023-11-22 08:29:29.696 [info] > git for-each-ref --format=%(refname)%00%(upstream:short)%00%(objectname)%00%(upstream:track)%00%(upstream:remotename)%00%(upstream:remoteref) refs/heads/main refs/remotes/main [2ms]
2023-11-22 08:29:29.738 [info] > git status -z -uall [32ms]
2023-11-22 08:29:34.785 [info] > git config --get commit.template [18ms]
2023-11-22 08:29:34.786 [info] > git for-each-ref --format=%(refname)%00%(upstream:short)%00%(objectname)%00%(upstream:track)%00%(upstream:remotename)%00%(upstream:remoteref) refs/heads/main refs/remotes/main [3ms]
2023-11-22 08:29:34.831 [info] > git status -z -uall [30ms]
2023-11-22 08:39:13.529 [info] > git show --textconv :app/midi.py [16ms]
2023-11-22 08:39:13.532 [info] > git ls-files --stage -- /home/min/midi/app/midi.py [2ms]
2023-11-22 08:39:13.547 [info] > git cat-file -s 3769f63eb49a4c84873a5f3db0434088c2fb401f [3ms]
2023-11-22 08:39:35.040 [info] > git check-ignore -v -z --stdin [4ms]
2023-11-22 08:39:36.397 [info] > git check-ignore -v -z --stdin [3ms]
2023-11-22 08:39:58.319 [info] > git check-ignore -v -z --stdin [2ms]
2023-11-22 08:40:05.643 [info] > git show --textconv :app/midi.py [12ms]
2023-11-22 08:40:05.645 [info] > git ls-files --stage -- /home/min/midi/app/midi.py [3ms]
2023-11-22 08:40:05.655 [info] > git cat-file -s 3769f63eb49a4c84873a5f3db0434088c2fb401f [1ms]
2023-11-22 08:40:17.413 [info] > git show --textconv :app/midi.py [12ms]
2023-11-22 08:40:17.415 [info] > git ls-files --stage -- /home/min/midi/app/midi.py [1ms]
2023-11-22 08:40:17.425 [info] > git cat-file -s 3769f63eb49a4c84873a5f3db0434088c2fb401f [2ms]
2023-11-22 08:40:26.760 [info] > git show --textconv :app/templates/song/play.html [11ms]
2023-11-22 08:40:26.762 [info] > git ls-files --stage -- /home/min/midi/app/templates/song/play.html [2ms]
2023-11-22 08:40:26.773 [info] > git cat-file -s a067291e5652fd2351d266edbc2484ea7e275322 [2ms]
2023-11-22 08:40:27.013 [info] > git check-ignore -v -z --stdin [2ms]
2023-11-22 08:40:31.091 [info] > git show --textconv :app/templates/song/play.html [17ms]
2023-11-22 08:40:31.093 [info] > git ls-files --stage -- /home/min/midi/app/templates/song/play.html [3ms]
2023-11-22 08:40:31.111 [info] > git cat-file -s a067291e5652fd2351d266edbc2484ea7e275322 [3ms]
2023-11-22 08:40:35.065 [info] > git config --get commit.template [7ms]
2023-11-22 08:40:35.082 [info] > git for-each-ref --format=%(refname)%00%(upstream:short)%00%(objectname)%00%(upstream:track)%00%(upstream:remotename)%00%(upstream:remoteref) refs/heads/main refs/remotes/main [3ms]
2023-11-22 08:40:35.128 [info] > git status -z -uall [35ms]
2023-11-22 08:40:40.163 [info] > git config --get commit.template [14ms]
2023-11-22 08:40:40.166 [info] > git for-each-ref --format=%(refname)%00%(upstream:short)%00%(objectname)%00%(upstream:track)%00%(upstream:remotename)%00%(upstream:remoteref) refs/heads/main refs/remotes/main [4ms]
2023-11-22 08:40:40.214 [info] > git status -z -uall [35ms]
2023-11-22 08:46:03.900 [info] > git config --get commit.template [11ms]
2023-11-22 08:46:03.903 [info] > git for-each-ref --format=%(refname)%00%(upstream:short)%00%(objectname)%00%(upstream:track)%00%(upstream:remotename)%00%(upstream:remoteref) refs/heads/main refs/remotes/main [3ms]
2023-11-22 08:46:03.944 [info] > git status -z -uall [31ms]
2023-11-22 08:48:51.941 [info] > git show --textconv :app/templates/song/play.html [13ms]
2023-11-22 08:48:51.944 [info] > git ls-files --stage -- /home/min/midi/app/templates/song/play.html [2ms]
2023-11-22 08:48:51.956 [info] > git cat-file -s a067291e5652fd2351d266edbc2484ea7e275322 [2ms]
2023-11-22 08:48:54.053 [info] > git check-ignore -v -z --stdin [2ms]
2023-11-22 08:51:25.571 [info] > git config --get commit.template [11ms]
2023-11-22 08:51:25.571 [info] > git for-each-ref --format=%(refname)%00%(upstream:short)%00%(objectname)%00%(upstream:track)%00%(upstream:remotename)%00%(upstream:remoteref) refs/heads/main refs/remotes/main [2ms]
2023-11-22 08:51:25.615 [info] > git status -z -uall [32ms]
2023-11-22 08:51:30.659 [info] > git config --get commit.template [19ms]
2023-11-22 08:51:30.662 [info] > git for-each-ref --format=%(refname)%00%(upstream:short)%00%(objectname)%00%(upstream:track)%00%(upstream:remotename)%00%(upstream:remoteref) refs/heads/main refs/remotes/main [4ms]
2023-11-22 08:51:30.689 [info] > git status -z -uall [18ms]
2023-11-22 08:51:55.941 [info] > git show --textconv :app/extensions.py [11ms]
2023-11-22 08:51:55.943 [info] > git ls-files --stage -- /home/min/midi/app/extensions.py [2ms]
2023-11-22 08:51:55.958 [info] > git cat-file -s 44239e94014644dfa2a025662cdf792263c053af [3ms]
2023-11-22 08:52:26.490 [info] > git show --textconv :app/templates/song/play.html [13ms]
2023-11-22 08:52:26.492 [info] > git ls-files --stage -- /home/min/midi/app/templates/song/play.html [3ms]
2023-11-22 08:52:26.505 [info] > git cat-file -s a067291e5652fd2351d266edbc2484ea7e275322 [1ms]
2023-11-22 09:38:50.013 [info] > git check-ignore -v -z --stdin [2ms]
2023-11-22 09:38:50.936 [info] > git check-ignore -v -z --stdin [3ms]
2023-11-22 09:38:51.638 [info] > git show --textconv :app/song/routes.py [14ms]
2023-11-22 09:38:51.640 [info] > git ls-files --stage -- /home/min/midi/app/song/routes.py [3ms]
2023-11-22 09:38:51.654 [info] > git cat-file -s b80b2e84b426b88676058b711124c02397231f54 [4ms]
2023-11-22 09:52:16.664 [info] > git config --get commit.template [1ms]
2023-11-22 09:52:16.677 [info] > git for-each-ref --format=%(refname)%00%(upstream:short)%00%(objectname)%00%(upstream:track)%00%(upstream:remotename)%00%(upstream:remoteref) refs/heads/main refs/remotes/main [1ms]
2023-11-22 09:52:16.708 [info] > git status -z -uall [19ms]
2023-11-22 09:52:28.868 [info] > git config --get commit.template [2ms]
2023-11-22 09:52:28.888 [info] > git for-each-ref --format=%(refname)%00%(upstream:short)%00%(objectname)%00%(upstream:track)%00%(upstream:remotename)%00%(upstream:remoteref) refs/heads/main refs/remotes/main [3ms]
2023-11-22 09:52:28.916 [info] > git status -z -uall [14ms]
2023-11-22 09:52:33.946 [info] > git config --get commit.template [10ms]
2023-11-22 09:52:33.947 [info] > git for-each-ref --format=%(refname)%00%(upstream:short)%00%(objectname)%00%(upstream:track)%00%(upstream:remotename)%00%(upstream:remoteref) refs/heads/main refs/remotes/main [2ms]
2023-11-22 09:52:33.971 [info] > git status -z -uall [14ms]
2023-11-22 09:52:39.016 [info] > git config --get commit.template [8ms]
2023-11-22 09:52:39.017 [info] > git for-each-ref --format=%(refname)%00%(upstream:short)%00%(objectname)%00%(upstream:track)%00%(upstream:remotename)%00%(upstream:remoteref) refs/heads/main refs/remotes/main [2ms]
2023-11-22 09:52:39.040 [info] > git status -z -uall [13ms]
2023-11-22 09:52:44.069 [info] > git config --get commit.template [11ms]
2023-11-22 09:52:44.071 [info] > git for-each-ref --format=%(refname)%00%(upstream:short)%00%(objectname)%00%(upstream:track)%00%(upstream:remotename)%00%(upstream:remoteref) refs/heads/main refs/remotes/main [2ms]
2023-11-22 09:52:44.095 [info] > git status -z -uall [14ms]
2023-11-22 09:52:54.764 [info] > git config --get commit.template [13ms]
2023-11-22 09:52:54.764 [info] > git for-each-ref --format=%(refname)%00%(upstream:short)%00%(objectname)%00%(upstream:track)%00%(upstream:remotename)%00%(upstream:remoteref) refs/heads/main refs/remotes/main [1ms]
2023-11-22 09:52:54.811 [info] > git status -z -uall [33ms]
2023-11-22 10:02:54.354 [info] > git config --get commit.template [13ms]
2023-11-22 10:02:54.355 [info] > git for-each-ref --format=%(refname)%00%(upstream:short)%00%(objectname)%00%(upstream:track)%00%(upstream:remotename)%00%(upstream:remoteref) refs/heads/main refs/remotes/main [2ms]
2023-11-22 10:02:54.381 [info] > git status -z -uall [14ms]
2023-11-22 10:22:39.877 [info] > git show --textconv :send_udp.py [12ms]
2023-11-22 10:22:39.878 [info] > git ls-files --stage -- /home/min/midi/send_udp.py [1ms]
2023-11-22 10:22:39.890 [info] > git cat-file -s 3c2490dad258d930bfbbe1c02ca1902901091a6f [1ms]
2023-11-22 10:24:27.516 [info] > git config --get commit.template [13ms]
2023-11-22 10:24:27.518 [info] > git for-each-ref --format=%(refname)%00%(upstream:short)%00%(objectname)%00%(upstream:track)%00%(upstream:remotename)%00%(upstream:remoteref) refs/heads/main refs/remotes/main [3ms]
2023-11-22 10:24:27.562 [info] > git status -z -uall [33ms]
2023-11-22 10:24:28.077 [info] > git check-ignore -v -z --stdin [2ms]
2023-11-22 10:24:30.163 [info] > git show --textconv :orgelspiel.py [13ms]
2023-11-22 10:24:30.165 [info] > git ls-files --stage -- /home/min/midi/orgelspiel.py [2ms]
2023-11-22 10:24:37.991 [info] > git config --get commit.template [11ms]
2023-11-22 10:24:37.992 [info] > git for-each-ref --format=%(refname)%00%(upstream:short)%00%(objectname)%00%(upstream:track)%00%(upstream:remotename)%00%(upstream:remoteref) refs/heads/main refs/remotes/main [1ms]
2023-11-22 10:24:38.015 [info] > git status -z -uall [13ms]
2023-11-22 10:24:43.043 [info] > git config --get commit.template [13ms]
2023-11-22 10:24:43.046 [info] > git for-each-ref --format=%(refname)%00%(upstream:short)%00%(objectname)%00%(upstream:track)%00%(upstream:remotename)%00%(upstream:remoteref) refs/heads/main refs/remotes/main [3ms]
2023-11-22 10:24:43.068 [info] > git status -z -uall [14ms]
2023-11-22 10:24:48.086 [info] > git config --get commit.template [2ms]
2023-11-22 10:24:48.106 [info] > git for-each-ref --format=%(refname)%00%(upstream:short)%00%(objectname)%00%(upstream:track)%00%(upstream:remotename)%00%(upstream:remoteref) refs/heads/main refs/remotes/main [4ms]
2023-11-22 10:24:48.142 [info] > git status -z -uall [20ms]
2023-11-22 10:24:53.161 [info] > git config --get commit.template [1ms]
2023-11-22 10:24:53.176 [info] > git for-each-ref --format=%(refname)%00%(upstream:short)%00%(objectname)%00%(upstream:track)%00%(upstream:remotename)%00%(upstream:remoteref) refs/heads/main refs/remotes/main [2ms]
2023-11-22 10:24:53.202 [info] > git status -z -uall [13ms]
2023-11-22 10:24:58.218 [info] > git config --get commit.template [2ms]
2023-11-22 10:24:58.233 [info] > git for-each-ref --format=%(refname)%00%(upstream:short)%00%(objectname)%00%(upstream:track)%00%(upstream:remotename)%00%(upstream:remoteref) refs/heads/main refs/remotes/main [2ms]
2023-11-22 10:24:58.259 [info] > git status -z -uall [13ms]
2023-11-22 10:25:01.484 [info] > git show --textconv :app/song/routes.py [10ms]
2023-11-22 10:25:01.486 [info] > git ls-files --stage -- /home/min/midi/app/song/routes.py [2ms]
2023-11-22 10:25:01.496 [info] > git cat-file -s b80b2e84b426b88676058b711124c02397231f54 [1ms]
2023-11-22 10:25:35.827 [info] > git show --textconv :orgelspiel.py [16ms]
2023-11-22 10:25:35.828 [info] > git ls-files --stage -- /home/min/midi/orgelspiel.py [3ms]
2023-11-22 10:25:40.055 [info] > git config --get commit.template [17ms]
2023-11-22 10:25:40.058 [info] > git for-each-ref --format=%(refname)%00%(upstream:short)%00%(objectname)%00%(upstream:track)%00%(upstream:remotename)%00%(upstream:remoteref) refs/heads/main refs/remotes/main [3ms]
2023-11-22 10:25:40.108 [info] > git status -z -uall [36ms]
2023-11-22 10:25:45.152 [info] > git config --get commit.template [21ms]
2023-11-22 10:25:45.152 [info] > git for-each-ref --format=%(refname)%00%(upstream:short)%00%(objectname)%00%(upstream:track)%00%(upstream:remotename)%00%(upstream:remoteref) refs/heads/main refs/remotes/main [3ms]
2023-11-22 10:25:45.184 [info] > git status -z -uall [19ms]
2023-11-22 10:25:50.219 [info] > git config --get commit.template [14ms]
2023-11-22 10:25:50.219 [info] > git for-each-ref --format=%(refname)%00%(upstream:short)%00%(objectname)%00%(upstream:track)%00%(upstream:remotename)%00%(upstream:remoteref) refs/heads/main refs/remotes/main [1ms]
2023-11-22 10:25:50.244 [info] > git status -z -uall [13ms]
2023-11-22 10:25:55.269 [info] > git config --get commit.template [10ms]
2023-11-22 10:25:55.271 [info] > git for-each-ref --format=%(refname)%00%(upstream:short)%00%(objectname)%00%(upstream:track)%00%(upstream:remotename)%00%(upstream:remoteref) refs/heads/main refs/remotes/main [2ms]
2023-11-22 10:25:55.294 [info] > git status -z -uall [14ms]
2023-11-22 10:26:11.417 [info] > git config --get commit.template [19ms]
2023-11-22 10:26:11.418 [info] > git for-each-ref --format=%(refname)%00%(upstream:short)%00%(objectname)%00%(upstream:track)%00%(upstream:remotename)%00%(upstream:remoteref) refs/heads/main refs/remotes/main [2ms]
2023-11-22 10:26:11.442 [info] > git status -z -uall [15ms]
2023-11-22 10:35:34.407 [info] > git show --textconv :app/song/routes.py [19ms]
2023-11-22 10:35:34.410 [info] > git ls-files --stage -- /home/min/midi/app/song/routes.py [3ms]
2023-11-22 10:35:34.424 [info] > git cat-file -s b80b2e84b426b88676058b711124c02397231f54 [2ms]
2023-11-22 10:35:36.254 [info] > git show --textconv :orgelspiel.py [9ms]
2023-11-22 10:35:36.277 [info] > git show --textconv :app/song/routes.py [12ms]
2023-11-22 10:35:36.278 [info] > git ls-files --stage -- /home/min/midi/orgelspiel.py [24ms]
2023-11-22 10:35:36.279 [info] > git ls-files --stage -- /home/min/midi/app/song/routes.py [3ms]
2023-11-22 10:35:36.294 [info] > git cat-file -s b80b2e84b426b88676058b711124c02397231f54 [3ms]
2023-11-22 10:35:36.973 [info] > git show --textconv :send_udp.py [18ms]
2023-11-22 10:35:36.975 [info] > git ls-files --stage -- /home/min/midi/send_udp.py [3ms]
2023-11-22 10:35:36.986 [info] > git cat-file -s 3c2490dad258d930bfbbe1c02ca1902901091a6f [1ms]
2023-11-22 10:35:37.351 [info] > git show --textconv :orgelspiel.py [10ms]
2023-11-22 10:35:37.352 [info] > git ls-files --stage -- /home/min/midi/orgelspiel.py [2ms]
2023-11-22 10:35:37.674 [info] > git show --textconv :app/templates/song/play.html [16ms]
2023-11-22 10:35:37.676 [info] > git ls-files --stage -- /home/min/midi/app/templates/song/play.html [3ms]
2023-11-22 10:35:37.687 [info] > git cat-file -s a067291e5652fd2351d266edbc2484ea7e275322 [2ms]
2023-11-22 10:35:37.990 [info] > git show --textconv :orgelspiel.py [15ms]
2023-11-22 10:35:37.992 [info] > git ls-files --stage -- /home/min/midi/orgelspiel.py [3ms]
2023-11-22 10:36:17.259 [info] > git config --get commit.template [16ms]
2023-11-22 10:36:17.260 [info] > git for-each-ref --format=%(refname)%00%(upstream:short)%00%(objectname)%00%(upstream:track)%00%(upstream:remotename)%00%(upstream:remoteref) refs/heads/main refs/remotes/main [2ms]
2023-11-22 10:36:17.286 [info] > git status -z -uall [13ms]
2023-11-22 10:37:33.389 [info] > git config --get commit.template [14ms]
2023-11-22 10:37:33.392 [info] > git for-each-ref --format=%(refname)%00%(upstream:short)%00%(objectname)%00%(upstream:track)%00%(upstream:remotename)%00%(upstream:remoteref) refs/heads/main refs/remotes/main [4ms]
2023-11-22 10:37:33.448 [info] > git status -z -uall [41ms]
2023-11-22 10:45:16.344 [info] > git config --get commit.template [12ms]
2023-11-22 10:45:16.345 [info] > git for-each-ref --format=%(refname)%00%(upstream:short)%00%(objectname)%00%(upstream:track)%00%(upstream:remotename)%00%(upstream:remoteref) refs/heads/main refs/remotes/main [2ms]
2023-11-22 10:45:16.366 [info] > git status -z -uall [13ms]
2023-11-22 10:45:21.389 [info] > git config --get commit.template [11ms]
2023-11-22 10:45:21.390 [info] > git for-each-ref --format=%(refname)%00%(upstream:short)%00%(objectname)%00%(upstream:track)%00%(upstream:remotename)%00%(upstream:remoteref) refs/heads/main refs/remotes/main [2ms]
2023-11-22 10:45:21.422 [info] > git status -z -uall [20ms]
2023-11-22 10:45:50.786 [info] > git config --get commit.template [7ms]
2023-11-22 10:45:50.786 [info] > git for-each-ref --format=%(refname)%00%(upstream:short)%00%(objectname)%00%(upstream:track)%00%(upstream:remotename)%00%(upstream:remoteref) refs/heads/main refs/remotes/main [1ms]
2023-11-22 10:45:50.810 [info] > git status -z -uall [14ms]
2023-11-22 10:45:59.557 [info] > git config --get commit.template [16ms]
2023-11-22 10:45:59.558 [info] > git for-each-ref --format=%(refname)%00%(upstream:short)%00%(objectname)%00%(upstream:track)%00%(upstream:remotename)%00%(upstream:remoteref) refs/heads/main refs/remotes/main [2ms]
2023-11-22 10:45:59.609 [info] > git status -z -uall [36ms]
2023-11-22 10:48:23.565 [info] > git config --get commit.template [3ms]
2023-11-22 10:48:23.581 [info] > git for-each-ref --format=%(refname)%00%(upstream:short)%00%(objectname)%00%(upstream:track)%00%(upstream:remotename)%00%(upstream:remoteref) refs/heads/main refs/remotes/main [2ms]
2023-11-22 10:48:23.604 [info] > git status -z -uall [14ms]
2023-11-22 10:48:32.889 [info] > git config --get commit.template [10ms]
2023-11-22 10:48:32.890 [info] > git for-each-ref --format=%(refname)%00%(upstream:short)%00%(objectname)%00%(upstream:track)%00%(upstream:remotename)%00%(upstream:remoteref) refs/heads/main refs/remotes/main [1ms]
2023-11-22 10:48:32.918 [info] > git status -z -uall [19ms]
2023-11-22 10:48:55.940 [info] > git config --get commit.template [14ms]
2023-11-22 10:48:55.942 [info] > git for-each-ref --format=%(refname)%00%(upstream:short)%00%(objectname)%00%(upstream:track)%00%(upstream:remotename)%00%(upstream:remoteref) refs/heads/main refs/remotes/main [2ms]
2023-11-22 10:48:55.986 [info] > git status -z -uall [32ms]
2023-11-22 10:49:08.191 [info] > git config --get commit.template [11ms]
2023-11-22 10:49:08.191 [info] > git for-each-ref --format=%(refname)%00%(upstream:short)%00%(objectname)%00%(upstream:track)%00%(upstream:remotename)%00%(upstream:remoteref) refs/heads/main refs/remotes/main [1ms]
2023-11-22 10:49:08.212 [info] > git status -z -uall [13ms]
2023-11-22 10:49:13.246 [info] > git config --get commit.template [14ms]
2023-11-22 10:49:13.247 [info] > git for-each-ref --format=%(refname)%00%(upstream:short)%00%(objectname)%00%(upstream:track)%00%(upstream:remotename)%00%(upstream:remoteref) refs/heads/main refs/remotes/main [2ms]
2023-11-22 10:49:13.281 [info] > git status -z -uall [20ms]
2023-11-22 10:49:18.309 [info] > git config --get commit.template [13ms]
2023-11-22 10:49:18.312 [info] > git for-each-ref --format=%(refname)%00%(upstream:short)%00%(objectname)%00%(upstream:track)%00%(upstream:remotename)%00%(upstream:remoteref) refs/heads/main refs/remotes/main [4ms]
2023-11-22 10:49:18.336 [info] > git status -z -uall [13ms]
2023-11-22 10:49:23.371 [info] > git config --get commit.template [12ms]
2023-11-22 10:49:23.372 [info] > git for-each-ref --format=%(refname)%00%(upstream:short)%00%(objectname)%00%(upstream:track)%00%(upstream:remotename)%00%(upstream:remoteref) refs/heads/main refs/remotes/main [1ms]
2023-11-22 10:49:23.401 [info] > git status -z -uall [19ms]
2023-11-22 10:49:28.438 [info] > git config --get commit.template [18ms]
2023-11-22 10:49:28.438 [info] > git for-each-ref --format=%(refname)%00%(upstream:short)%00%(objectname)%00%(upstream:track)%00%(upstream:remotename)%00%(upstream:remoteref) refs/heads/main refs/remotes/main [4ms]
2023-11-22 10:49:28.471 [info] > git status -z -uall [21ms]
2023-11-22 10:49:33.504 [info] > git config --get commit.template [14ms]
2023-11-22 10:49:33.505 [info] > git for-each-ref --format=%(refname)%00%(upstream:short)%00%(objectname)%00%(upstream:track)%00%(upstream:remotename)%00%(upstream:remoteref) refs/heads/main refs/remotes/main [2ms]
2023-11-22 10:49:33.532 [info] > git status -z -uall [14ms]
2023-11-22 10:49:38.561 [info] > git config --get commit.template [13ms]
2023-11-22 10:49:38.562 [info] > git for-each-ref --format=%(refname)%00%(upstream:short)%00%(objectname)%00%(upstream:track)%00%(upstream:remotename)%00%(upstream:remoteref) refs/heads/main refs/remotes/main [1ms]
2023-11-22 10:49:38.612 [info] > git status -z -uall [35ms]
2023-11-22 10:49:43.647 [info] > git config --get commit.template [13ms]
2023-11-22 10:49:43.648 [info] > git for-each-ref --format=%(refname)%00%(upstream:short)%00%(objectname)%00%(upstream:track)%00%(upstream:remotename)%00%(upstream:remoteref) refs/heads/main refs/remotes/main [2ms]
2023-11-22 10:49:43.669 [info] > git status -z -uall [13ms]
2023-11-22 10:49:48.693 [info] > git config --get commit.template [1ms]
2023-11-22 10:49:48.708 [info] > git for-each-ref --format=%(refname)%00%(upstream:short)%00%(objectname)%00%(upstream:track)%00%(upstream:remotename)%00%(upstream:remoteref) refs/heads/main refs/remotes/main [1ms]
2023-11-22 10:49:48.754 [info] > git status -z -uall [31ms]
2023-11-22 10:49:53.774 [info] > git config --get commit.template [1ms]
2023-11-22 10:49:53.786 [info] > git for-each-ref --format=%(refname)%00%(upstream:short)%00%(objectname)%00%(upstream:track)%00%(upstream:remotename)%00%(upstream:remoteref) refs/heads/main refs/remotes/main [1ms]
2023-11-22 10:49:53.812 [info] > git status -z -uall [13ms]
2023-11-22 10:49:58.838 [info] > git config --get commit.template [12ms]
2023-11-22 10:49:58.840 [info] > git for-each-ref --format=%(refname)%00%(upstream:short)%00%(objectname)%00%(upstream:track)%00%(upstream:remotename)%00%(upstream:remoteref) refs/heads/main refs/remotes/main [3ms]
2023-11-22 10:49:58.861 [info] > git status -z -uall [12ms]
2023-11-22 10:50:05.735 [info] > git config --get commit.template [12ms]
2023-11-22 10:50:05.737 [info] > git for-each-ref --format=%(refname)%00%(upstream:short)%00%(objectname)%00%(upstream:track)%00%(upstream:remotename)%00%(upstream:remoteref) refs/heads/main refs/remotes/main [3ms]
2023-11-22 10:50:05.759 [info] > git status -z -uall [13ms]
2023-11-22 10:50:10.778 [info] > git config --get commit.template [1ms]
2023-11-22 10:50:10.793 [info] > git for-each-ref --format=%(refname)%00%(upstream:short)%00%(objectname)%00%(upstream:track)%00%(upstream:remotename)%00%(upstream:remoteref) refs/heads/main refs/remotes/main [2ms]
2023-11-22 10:50:10.820 [info] > git status -z -uall [15ms]
2023-11-22 10:50:15.838 [info] > git config --get commit.template [2ms]
2023-11-22 10:50:15.852 [info] > git for-each-ref --format=%(refname)%00%(upstream:short)%00%(objectname)%00%(upstream:track)%00%(upstream:remotename)%00%(upstream:remoteref) refs/heads/main refs/remotes/main [2ms]
2023-11-22 10:50:15.874 [info] > git status -z -uall [12ms]
2023-11-22 10:50:20.907 [info] > git config --get commit.template [14ms]
2023-11-22 10:50:20.909 [info] > git for-each-ref --format=%(refname)%00%(upstream:short)%00%(objectname)%00%(upstream:track)%00%(upstream:remotename)%00%(upstream:remoteref) refs/heads/main refs/remotes/main [3ms]
2023-11-22 10:50:20.940 [info] > git status -z -uall [20ms]
2023-11-22 10:50:25.966 [info] > git config --get commit.template [12ms]
2023-11-22 10:50:25.968 [info] > git for-each-ref --format=%(refname)%00%(upstream:short)%00%(objectname)%00%(upstream:track)%00%(upstream:remotename)%00%(upstream:remoteref) refs/heads/main refs/remotes/main [2ms]
2023-11-22 10:50:25.991 [info] > git status -z -uall [13ms]
2023-11-22 10:50:34.876 [info] > git config --get commit.template [10ms]
2023-11-22 10:50:34.877 [info] > git for-each-ref --format=%(refname)%00%(upstream:short)%00%(objectname)%00%(upstream:track)%00%(upstream:remotename)%00%(upstream:remoteref) refs/heads/main refs/remotes/main [2ms]
2023-11-22 10:50:34.919 [info] > git status -z -uall [30ms]
2023-11-22 10:50:39.949 [info] > git config --get commit.template [12ms]
2023-11-22 10:50:39.951 [info] > git for-each-ref --format=%(refname)%00%(upstream:short)%00%(objectname)%00%(upstream:track)%00%(upstream:remotename)%00%(upstream:remoteref) refs/heads/main refs/remotes/main [3ms]
2023-11-22 10:50:39.974 [info] > git status -z -uall [13ms]
2023-11-22 10:50:44.993 [info] > git config --get commit.template [1ms]
2023-11-22 10:50:45.008 [info] > git for-each-ref --format=%(refname)%00%(upstream:short)%00%(objectname)%00%(upstream:track)%00%(upstream:remotename)%00%(upstream:remoteref) refs/heads/main refs/remotes/main [2ms]
2023-11-22 10:50:45.032 [info] > git status -z -uall [12ms]
2023-11-22 10:50:50.054 [info] > git config --get commit.template [2ms]
2023-11-22 10:50:50.068 [info] > git for-each-ref --format=%(refname)%00%(upstream:short)%00%(objectname)%00%(upstream:track)%00%(upstream:remotename)%00%(upstream:remoteref) refs/heads/main refs/remotes/main [1ms]
2023-11-22 10:50:50.089 [info] > git status -z -uall [13ms]
2023-11-22 10:50:55.121 [info] > git config --get commit.template [13ms]
2023-11-22 10:50:55.121 [info] > git for-each-ref --format=%(refname)%00%(upstream:short)%00%(objectname)%00%(upstream:track)%00%(upstream:remotename)%00%(upstream:remoteref) refs/heads/main refs/remotes/main [2ms]
2023-11-22 10:50:55.150 [info] > git status -z -uall [15ms]
2023-11-22 10:51:02.868 [info] > git config --get commit.template [2ms]
2023-11-22 10:51:02.882 [info] > git for-each-ref --format=%(refname)%00%(upstream:short)%00%(objectname)%00%(upstream:track)%00%(upstream:remotename)%00%(upstream:remoteref) refs/heads/main refs/remotes/main [1ms]
2023-11-22 10:51:02.912 [info] > git status -z -uall [17ms]
2023-11-22 10:51:21.011 [info] > git config --get commit.template [14ms]
2023-11-22 10:51:21.011 [info] > git for-each-ref --format=%(refname)%00%(upstream:short)%00%(objectname)%00%(upstream:track)%00%(upstream:remotename)%00%(upstream:remoteref) refs/heads/main refs/remotes/main [2ms]
2023-11-22 10:51:21.058 [info] > git status -z -uall [32ms]
2023-11-22 10:51:26.084 [info] > git config --get commit.template [14ms]
2023-11-22 10:51:26.086 [info] > git for-each-ref --format=%(refname)%00%(upstream:short)%00%(objectname)%00%(upstream:track)%00%(upstream:remotename)%00%(upstream:remoteref) refs/heads/main refs/remotes/main [3ms]
2023-11-22 10:51:26.107 [info] > git status -z -uall [13ms]
2023-11-22 10:51:31.141 [info] > git config --get commit.template [18ms]
2023-11-22 10:51:31.143 [info] > git for-each-ref --format=%(refname)%00%(upstream:short)%00%(objectname)%00%(upstream:track)%00%(upstream:remotename)%00%(upstream:remoteref) refs/heads/main refs/remotes/main [3ms]
2023-11-22 10:51:31.192 [info] > git status -z -uall [32ms]
2023-11-22 10:51:44.560 [info] > git config --get commit.template [14ms]
2023-11-22 10:51:44.561 [info] > git for-each-ref --format=%(refname)%00%(upstream:short)%00%(objectname)%00%(upstream:track)%00%(upstream:remotename)%00%(upstream:remoteref) refs/heads/main refs/remotes/main [1ms]
2023-11-22 10:51:44.585 [info] > git status -z -uall [15ms]
2023-11-22 10:51:49.617 [info] > git config --get commit.template [17ms]
2023-11-22 10:51:49.619 [info] > git for-each-ref --format=%(refname)%00%(upstream:short)%00%(objectname)%00%(upstream:track)%00%(upstream:remotename)%00%(upstream:remoteref) refs/heads/main refs/remotes/main [3ms]
2023-11-22 10:51:49.644 [info] > git status -z -uall [13ms]
2023-11-22 10:51:55.842 [info] > git config --get commit.template [15ms]
2023-11-22 10:51:55.843 [info] > git for-each-ref --format=%(refname)%00%(upstream:short)%00%(objectname)%00%(upstream:track)%00%(upstream:remotename)%00%(upstream:remoteref) refs/heads/main refs/remotes/main [2ms]
2023-11-22 10:51:55.868 [info] > git status -z -uall [14ms]
2023-11-22 10:52:00.890 [info] > git config --get commit.template [10ms]
2023-11-22 10:52:00.890 [info] > git for-each-ref --format=%(refname)%00%(upstream:short)%00%(objectname)%00%(upstream:track)%00%(upstream:remotename)%00%(upstream:remoteref) refs/heads/main refs/remotes/main [2ms]
2023-11-22 10:52:00.912 [info] > git status -z -uall [13ms]
2023-11-22 10:52:14.417 [info] > git config --get commit.template [10ms]
2023-11-22 10:52:14.418 [info] > git for-each-ref --format=%(refname)%00%(upstream:short)%00%(objectname)%00%(upstream:track)%00%(upstream:remotename)%00%(upstream:remoteref) refs/heads/main refs/remotes/main [2ms]
2023-11-22 10:52:14.456 [info] > git status -z -uall [28ms]
2023-11-22 10:52:19.480 [info] > git config --get commit.template [11ms]
2023-11-22 10:52:19.483 [info] > git for-each-ref --format=%(refname)%00%(upstream:short)%00%(objectname)%00%(upstream:track)%00%(upstream:remotename)%00%(upstream:remoteref) refs/heads/main refs/remotes/main [3ms]
2023-11-22 10:52:19.514 [info] > git status -z -uall [20ms]
2023-11-22 10:52:30.891 [info] > git config --get commit.template [12ms]
2023-11-22 10:52:30.891 [info] > git for-each-ref --format=%(refname)%00%(upstream:short)%00%(objectname)%00%(upstream:track)%00%(upstream:remotename)%00%(upstream:remoteref) refs/heads/main refs/remotes/main [1ms]
2023-11-22 10:52:30.912 [info] > git status -z -uall [13ms]
2023-11-22 10:52:35.947 [info] > git config --get commit.template [11ms]
2023-11-22 10:52:35.948 [info] > git for-each-ref --format=%(refname)%00%(upstream:short)%00%(objectname)%00%(upstream:track)%00%(upstream:remotename)%00%(upstream:remoteref) refs/heads/main refs/remotes/main [2ms]
2023-11-22 10:52:35.975 [info] > git status -z -uall [15ms]
2023-11-22 10:52:40.992 [info] > git config --get commit.template [1ms]
2023-11-22 10:52:41.011 [info] > git for-each-ref --format=%(refname)%00%(upstream:short)%00%(objectname)%00%(upstream:track)%00%(upstream:remotename)%00%(upstream:remoteref) refs/heads/main refs/remotes/main [4ms]
2023-11-22 10:52:41.037 [info] > git status -z -uall [13ms]
2023-11-22 10:52:46.057 [info] > git config --get commit.template [1ms]
2023-11-22 10:52:46.068 [info] > git for-each-ref --format=%(refname)%00%(upstream:short)%00%(objectname)%00%(upstream:track)%00%(upstream:remotename)%00%(upstream:remoteref) refs/heads/main refs/remotes/main [1ms]
2023-11-22 10:52:46.112 [info] > git status -z -uall [31ms]
