2023-11-21 21:42:22 Loading main app package /usr/lib/obsidian/obsidian.asar
2023-11-21 21:42:22 Checking for update using Github
2023-11-21 21:42:22 Success.
2023-11-21 21:42:22 Latest version is 1.4.16
2023-11-21 21:42:22 App is up to date.
2023-11-22 06:51:30 Loading main app package /usr/lib/obsidian/obsidian.asar
2023-11-22 06:51:30 Checking for update using Github
2023-11-22 06:51:30 Success.
2023-11-22 06:51:30 Latest version is 1.4.16
2023-11-22 06:51:30 App is up to date.
2023-11-22 07:51:30 Checking for update using Github
2023-11-22 07:51:30 Success.
2023-11-22 07:51:30 Latest version is 1.4.16
2023-11-22 07:51:30 App is up to date.
2023-11-22 08:51:30 Checking for update using Github
2023-11-22 08:51:30 Success.
2023-11-22 08:51:30 Latest version is 1.4.16
2023-11-22 08:51:30 App is up to date.
2023-11-22 09:15:18 Loading main app package /usr/lib/obsidian/obsidian.asar
2023-11-22 09:15:18 Checking for update using Github
2023-11-22 09:15:19 Success.
2023-11-22 09:15:19 Latest version is 1.4.16
2023-11-22 09:15:19 App is up to date.
2023-11-22 10:15:18 Checking for update using Github
2023-11-22 10:15:18 Success.
2023-11-22 10:15:18 Latest version is 1.4.16
2023-11-22 10:15:18 App is up to date.
2023-11-22 11:15:18 Checking for update using Github
2023-11-22 11:15:18 Success.
2023-11-22 11:15:18 Latest version is 1.4.16
2023-11-22 11:15:18 App is up to date.
